<?xml version="1.0" encoding="UTF-8"?>
<!-- Generated by org.testng.reporters.JUnitReportReporter -->
<testsuite hostname="SSRIVASTAVLT2" name="TrialNG.TrialClass2" tests="1" failures="0" timestamp="21 Jan 2020 21:12:32 GMT" time="0.018" errors="0">
  <testcase name="Earth" time="0.018" classname="TrialNG.TrialClass2"/>
</testsuite> <!-- TrialNG.TrialClass2 -->
