<?xml version="1.0" encoding="UTF-8"?>
<!-- Generated by org.testng.reporters.JUnitReportReporter -->
<testsuite hostname="SSRIVASTAVLT2" name="TrialNG.TrialClass" tests="1" failures="0" timestamp="21 Jan 2020 20:58:37 GMT" time="0.003" errors="0">
  <testcase name="World" time="0.003" classname="TrialNG.TrialClass"/>
</testsuite> <!-- TrialNG.TrialClass -->
