<?xml version="1.0" encoding="UTF-8"?>
<!-- Generated by org.testng.reporters.JUnitReportReporter -->
<testsuite hostname="SSRIVASTAVLT2" name="TrialNG.TrialClass" tests="1" failures="0" timestamp="21 Jan 2020 20:23:25 GMT" time="0.011" errors="0">
  <testcase name="f" time="0.011" classname="TrialNG.TrialClass"/>
</testsuite> <!-- TrialNG.TrialClass -->
